<?xml version="1.0" encoding="UTF-8"?>
<!-- Generated by org.testng.reporters.JUnitXMLReporter -->
<testsuite ignored="4" hostname="LAPTOP-9PRNQ41B" failures="0" tests="3" name="Surefire test" time="8.254" errors="0" timestamp="2026-05-24T20:10:39 EDT">
  <testcase classname="tests.CheckoutTest" name="completeCheckoutTest" time="1.049"/>
  <testcase classname="tests.LoginTest" name="invalidLoginTest" time="0.305"/>
  <testcase classname="tests.LoginTest" name="validLoginTest" time="0.341"/>
  <testcase classname="base.BaseTest" name="@BeforeSuite setupReport" time="0.0">
    <ignored/>
  </testcase> <!-- @BeforeSuite setupReport -->
  <testcase classname="base.BaseTest" name="@BeforeSuite setupReport" time="0.0">
    <ignored/>
  </testcase> <!-- @BeforeSuite setupReport -->
  <testcase classname="base.BaseTest" name="@AfterSuite flushReport" time="0.0">
    <ignored/>
  </testcase> <!-- @AfterSuite flushReport -->
  <testcase classname="base.BaseTest" name="@AfterSuite flushReport" time="0.0">
    <ignored/>
  </testcase> <!-- @AfterSuite flushReport -->
</testsuite> <!-- Surefire test -->
