<?xml version="1.0" encoding="UTF-8"?>
<!-- Generated by org.testng.reporters.JUnitXMLReporter -->
<testsuite ignored="4" hostname="LAPTOP-9PRNQ41B" failures="0" tests="6" name="Surefire test" time="23.778" errors="0" timestamp="2026-05-26T18:09:02 EDT">
  <testcase classname="api.ProductApiTest" name="getAllProductsTest" time="2.618"/>
  <testcase classname="api.ProductApiTest" name="getSingleProductTest" time="0.7"/>
  <testcase classname="api.ProductApiTest" name="invalidProductIdTest" time="0.257"/>
  <testcase classname="tests.CheckoutTest" name="completeCheckoutTest" time="1.015"/>
  <testcase classname="tests.LoginTest" name="invalidLoginTest" time="0.295"/>
  <testcase classname="tests.LoginTest" name="validLoginTest" time="0.34"/>
  <testcase classname="base.BaseTest" name="@BeforeSuite setupReport" time="0.0">
    <ignored/>
  </testcase> <!-- @BeforeSuite setupReport -->
  <testcase classname="base.BaseTest" name="@AfterSuite flushReport" time="0.0">
    <ignored/>
  </testcase> <!-- @AfterSuite flushReport -->
  <testcase classname="base.BaseTest" name="@AfterSuite flushReport" time="0.0">
    <ignored/>
  </testcase> <!-- @AfterSuite flushReport -->
  <testcase classname="base.BaseTest" name="@BeforeSuite setupReport" time="0.0">
    <ignored/>
  </testcase> <!-- @BeforeSuite setupReport -->
</testsuite> <!-- Surefire test -->
