<?xml version="1.0" encoding="UTF-8"?>
<testng-results ignored="0" total="2" passed="2" failed="0" skipped="0">
  <reporter-output>
  </reporter-output>
  <suite started-at="2026-05-13T20:28:09 EDT" name="Surefire suite" finished-at="2026-05-13T20:28:20 EDT" duration-ms="10527">
    <groups>
    </groups>
    <test started-at="2026-05-13T20:28:09 EDT" name="Surefire test" finished-at="2026-05-13T20:28:20 EDT" duration-ms="10527">
      <class name="tests.LoginTest">
        <test-method is-config="true" signature="setUp()[pri:0, instance:tests.LoginTest@7adda9cc]" started-at="2026-05-13T20:28:09 EDT" name="setUp" finished-at="2026-05-13T20:28:17 EDT" duration-ms="8054" status="PASS">
          <reporter-output>
          </reporter-output>
        </test-method> <!-- setUp -->
        <test-method signature="invalidLoginTest()[pri:0, instance:tests.LoginTest@7adda9cc]" started-at="2026-05-13T20:28:17 EDT" name="invalidLoginTest" finished-at="2026-05-13T20:28:17 EDT" duration-ms="259" status="PASS">
          <reporter-output>
          </reporter-output>
        </test-method> <!-- invalidLoginTest -->
        <test-method is-config="true" signature="tearDown()[pri:0, instance:tests.LoginTest@7adda9cc]" started-at="2026-05-13T20:28:17 EDT" name="tearDown" finished-at="2026-05-13T20:28:18 EDT" duration-ms="141" status="PASS">
          <reporter-output>
          </reporter-output>
        </test-method> <!-- tearDown -->
        <test-method is-config="true" signature="setUp()[pri:0, instance:tests.LoginTest@7adda9cc]" started-at="2026-05-13T20:28:18 EDT" name="setUp" finished-at="2026-05-13T20:28:19 EDT" duration-ms="1610" status="PASS">
          <reporter-output>
          </reporter-output>
        </test-method> <!-- setUp -->
        <test-method signature="validLoginTest()[pri:0, instance:tests.LoginTest@7adda9cc]" started-at="2026-05-13T20:28:19 EDT" name="validLoginTest" finished-at="2026-05-13T20:28:20 EDT" duration-ms="293" status="PASS">
          <reporter-output>
          </reporter-output>
        </test-method> <!-- validLoginTest -->
        <test-method is-config="true" signature="tearDown()[pri:0, instance:tests.LoginTest@7adda9cc]" started-at="2026-05-13T20:28:20 EDT" name="tearDown" finished-at="2026-05-13T20:28:20 EDT" duration-ms="133" status="PASS">
          <reporter-output>
          </reporter-output>
        </test-method> <!-- tearDown -->
      </class> <!-- tests.LoginTest -->
    </test> <!-- Surefire test -->
  </suite> <!-- Surefire suite -->
</testng-results>
